<?xml version="1.0" encoding="UTF-8"?>
<!-- Generated by org.testng.reporters.JUnitReportReporter -->
<testsuite hostname="LAPTOP-D78H200V" failures="0" tests="1" name="runner.test_runner" time="12.601" errors="0" timestamp="7 Nov 2022 05:27:30 GMT">
  <testcase classname="runner.test_runner" name="runScenario" time="12.601"/>
</testsuite> <!-- runner.test_runner -->
